27/01 13:20:39 [STARTED]SNMP CLF started
27/01 13:20:42 [CONNECTED]User 'system' connected successfully
27/01 13:20:47 [DISCONNECTED]User 'system' disconnected
28/01 10:49:49 [STARTED]SNMP CLF started
28/01 10:50:24 [CONNECTED]User 'system' connected successfully
28/01 10:51:05 [STARTED]SNMP CLF started
28/01 10:51:07 [CONNECTED]User 'system' connected successfully
28/01 10:51:41 User 'system' try to update parameter of thread 'SNMP CLF'
28/01 10:51:41 Parameter of thread 'SNMP CLF' updated
28/01 10:51:46 User 'system' try to start thread 'SNMP CLF'
28/01 10:51:47 [STOPPED]SNMP CLF stopped
28/01 10:51:48 [STARTED]SNMP CLF started
28/01 10:52:06 [CONNECTED]User 'system' connected successfully
28/01 10:52:07 [STARTED]SNMP CLF started
28/01 10:52:11 User 'system' try to start thread 'SNMP CLF'
28/01 10:52:12 [STOPPED]SNMP CLF stopped
28/01 10:52:14 [STARTED]SNMP CLF started
28/01 10:53:49 [CONNECTED]User 'system' connected successfully
28/01 10:53:49 [STARTED]SNMP CLF started
28/01 10:54:06 User 'system' try to update parameter of thread 'SNMP CLF'
28/01 10:54:13 Parameter of thread 'SNMP CLF' updated
28/01 10:54:16 User 'system' try to start thread 'SNMP CLF'
28/01 10:54:21 [STOPPED]SNMP CLF stopped
28/01 10:54:22 [STARTED]SNMP CLF started
28/01 10:56:10 [STARTED]SNMP CLF started
28/01 10:56:18 [CONNECTED]User 'system' connected successfully
28/01 10:56:48 [STARTED]SNMP CLF started
28/01 10:59:27 [STARTED]SNMP CLF started
28/01 11:02:37 [STARTED]SNMP CLF started
28/01 11:02:41 [CONNECTED]User 'system' connected successfully
28/01 11:05:42 [STARTED]SNMP CLF started
28/01 11:06:04 [STARTED]SNMP CLF started
28/01 11:06:53 [STARTED]SNMP CLF started
28/01 11:07:17 [STARTED]SNMP CLF started
28/01 11:07:47 [STARTED]SNMP CLF started
29/01 14:08:30 [STARTED]SNMP CLF started
29/01 14:46:30 [STARTED]SNMP CLF started
29/01 14:47:15 [STARTED]SNMP CLF started
29/01 14:47:23 [CONNECTED]User 'system' connected successfully
30/01 02:33:58 [STARTED]SNMP CLF started
30/01 02:36:07 [STARTED]SNMP CLF started
30/01 02:38:33 [STARTED]SNMP CLF started
30/01 02:39:48 [STARTED]SNMP CLF started
30/01 02:39:52 [CONNECTED]User 'system' connected successfully
30/01 02:41:50 [STARTED]SNMP CLF started
30/01 02:42:21 [STARTED]SNMP CLF started
30/01 02:44:22 [STARTED]SNMP CLF started
30/01 02:45:14 [STARTED]SNMP CLF started
30/01 02:45:21 [CONNECTED]User 'system' connected successfully
30/01 02:46:00 [STARTED]SNMP CLF started
30/01 02:46:06 [CONNECTED]User 'system' connected successfully
30/01 02:47:34 [STARTED]SNMP CLF started
30/01 02:48:39 [STARTED]SNMP CLF started
30/01 02:48:42 [CONNECTED]User 'system' connected successfully
30/01 02:49:00 User 'system' try to update parameter of thread 'SNMP CLF'
30/01 02:49:00 Parameter of thread 'SNMP CLF' updated
30/01 02:49:02 User 'system' try to start thread 'SNMP CLF'
30/01 02:49:04 [STOPPED]SNMP CLF stopped
30/01 02:49:06 [STARTED]SNMP CLF started
30/01 02:50:12 [STARTED]SNMP CLF started
30/01 02:51:29 [STARTED]SNMP CLF started
30/01 02:54:35 [STARTED]SNMP CLF started
30/01 02:55:00 [CONNECTED]User 'system' connected successfully
30/01 02:55:45 User 'system' try to update parameter of thread 'SNMP CLF'
30/01 02:55:45 Parameter of thread 'SNMP CLF' updated
30/01 02:55:52 User 'system' try to start thread 'SNMP CLF'
30/01 02:56:00 [STOPPED]SNMP CLF stopped
30/01 02:56:19 [CONNECTED]User 'system' connected successfully
30/01 02:56:34 User 'system' try to start thread 'SNMP CLF'
30/01 02:56:35 [STARTED]SNMP CLF started
30/01 02:57:47 User 'system' try to start thread 'SNMP CLF'
30/01 02:57:48 [STOPPED]SNMP CLF stopped
30/01 02:57:50 User 'system' try to start thread 'SNMP CLF'
30/01 02:57:51 [STARTED]SNMP CLF started
30/01 02:58:01 User 'system' try to start thread 'SNMP CLF'
30/01 02:58:03 User 'system' try to start thread 'SNMP CLF'
30/01 03:00:02 [CONNECTED]User 'system' connected successfully
30/01 03:00:13 User 'system' try to start thread 'SNMP CLF'
30/01 03:00:14 [STARTED]SNMP CLF started
30/01 03:08:05 [CONNECTED]User 'system' connected successfully
30/01 03:08:10 User 'system' try to start thread 'SNMP CLF'
30/01 03:08:10 [STARTED]SNMP CLF started
30/01 03:08:20 User 'system' try to stop thread 'SNMP CLF'
30/01 03:08:26 [STOPPED]SNMP CLF stopped
30/01 03:08:43 User 'system' try to stop thread 'SNMP CLF'
30/01 03:23:24 [CONNECTED]User 'system' connected successfully
30/01 03:23:39 User 'system' try to start thread 'SNMP CLF'
30/01 03:23:39 [STARTED]SNMP CLF started
30/01 03:24:57 [CONNECTED]User 'system' connected successfully
30/01 03:25:01 User 'system' try to start thread 'SNMP CLF'
30/01 03:25:01 [STARTED]SNMP CLF started
30/01 03:26:08 [CONNECTED]User 'system' connected successfully
30/01 03:26:12 User 'system' try to start thread 'SNMP CLF'
30/01 03:26:12 [STARTED]SNMP CLF started
30/01 03:28:06 [CONNECTED]User 'system' connected successfully
30/01 03:28:10 User 'system' try to start thread 'SNMP CLF'
30/01 03:28:11 [STARTED]SNMP CLF started
30/01 03:28:52 [CONNECTED]User 'system' connected successfully
30/01 03:28:55 User 'system' try to start thread 'SNMP CLF'
30/01 03:28:55 [STARTED]SNMP CLF started
30/01 03:29:32 [CONNECTED]User 'system' connected successfully
30/01 03:29:36 User 'system' try to start thread 'SNMP CLF'
30/01 03:29:37 [STARTED]SNMP CLF started
